<?xml version="1.0" encoding="UTF-8"?>
<coverage generated="1620604964791" clover="3.2.0">
  <project timestamp="1620604964792" name="All files">
    <metrics statements="47" coveredstatements="41" conditionals="52" coveredconditionals="47" methods="20" coveredmethods="18" elements="119" coveredelements="106" complexity="0" loc="47" ncloc="47" packages="1" files="1" classes="1"/>
    <file name="get-language.ts" path="/home/urmzd/personal/shopify-image-repository/api/src/get-language.ts">
      <metrics statements="47" coveredstatements="41" conditionals="52" coveredconditionals="47" methods="20" coveredmethods="18"/>
      <line num="1" count="1" type="stmt"/>
      <line num="7" count="1" type="stmt"/>
      <line num="16" count="1" type="stmt"/>
      <line num="17" count="1" type="stmt"/>
      <line num="19" count="1" type="cond" truecount="2" falsecount="0"/>
      <line num="20" count="1" type="stmt"/>
      <line num="21" count="1" type="stmt"/>
      <line num="22" count="1" type="stmt"/>
      <line num="27" count="8" type="stmt"/>
      <line num="29" count="8" type="stmt"/>
      <line num="43" count="1" type="stmt"/>
      <line num="50" count="2" type="stmt"/>
      <line num="57" count="1" type="stmt"/>
      <line num="61" count="1" type="stmt"/>
      <line num="63" count="1" type="stmt"/>
      <line num="65" count="1" type="stmt"/>
      <line num="67" count="1" type="stmt"/>
      <line num="68" count="1" type="stmt"/>
      <line num="72" count="1" type="stmt"/>
      <line num="74" count="4" type="stmt"/>
      <line num="75" count="2" type="stmt"/>
      <line num="81" count="1" type="stmt"/>
      <line num="83" count="8" type="stmt"/>
      <line num="85" count="4" type="stmt"/>
      <line num="88" count="2" type="stmt"/>
      <line num="89" count="2" type="stmt"/>
      <line num="91" count="1" type="stmt"/>
      <line num="95" count="1" type="stmt"/>
      <line num="98" count="6" type="cond" truecount="2" falsecount="0"/>
      <line num="99" count="6" type="cond" truecount="28" falsecount="0"/>
      <line num="102" count="6" type="cond" truecount="2" falsecount="0"/>
      <line num="105" count="1" type="cond" truecount="1" falsecount="1"/>
      <line num="106" count="1" type="stmt"/>
      <line num="111" count="1" type="stmt"/>
      <line num="113" count="1" type="cond" truecount="1" falsecount="1"/>
      <line num="114" count="1" type="stmt"/>
      <line num="116" count="1" type="stmt"/>
      <line num="117" count="1" type="stmt"/>
      <line num="119" count="1" type="cond" truecount="1" falsecount="1"/>
      <line num="120" count="1" type="stmt"/>
      <line num="123" count="0" type="stmt"/>
      <line num="126" count="0" type="stmt"/>
      <line num="128" count="0" type="stmt"/>
      <line num="130" count="0" type="stmt"/>
      <line num="132" count="0" type="stmt"/>
      <line num="136" count="1" type="stmt"/>
      <line num="137" count="0" type="cond" truecount="0" falsecount="2"/>
    </file>
  </project>
</coverage>
