{"/home/urmzd/personal/shopify-image-repository/api/src/get-language.ts": {"path":"/home/urmzd/personal/shopify-image-repository/api/src/get-language.ts","statementMap":{"0":{"start":{"line":1,"column":0},"end":{"line":1,"column":67}},"1":{"start":{"line":7,"column":0},"end":{"line":7,"column":28}},"2":{"start":{"line":16,"column":11},"end":{"line":16,"column":19}},"3":{"start":{"line":17,"column":29},"end":{"line":17,"column":55}},"4":{"start":{"line":19,"column":0},"end":{"line":19,"column":null}},"5":{"start":{"line":20,"column":4},"end":{"line":20,"column":null}},"6":{"start":{"line":21,"column":4},"end":{"line":21,"column":null}},"7":{"start":{"line":22,"column":4},"end":{"line":22,"column":null}},"8":{"start":{"line":27,"column":37},"end":{"line":27,"column":null}},"9":{"start":{"line":27,"column":70},"end":{"line":35,"column":null}},"10":{"start":{"line":29,"column":28},"end":{"line":35,"column":null}},"11":{"start":{"line":27,"column":13},"end":{"line":27,"column":37}},"12":{"start":{"line":43,"column":31},"end":{"line":50,"column":13}},"13":{"start":{"line":50,"column":8},"end":{"line":52,"column":null}},"14":{"start":{"line":43,"column":13},"end":{"line":43,"column":31}},"15":{"start":{"line":57,"column":13},"end":{"line":59,"column":null}},"16":{"start":{"line":61,"column":29},"end":{"line":63,"column":33}},"17":{"start":{"line":63,"column":27},"end":{"line":63,"column":null}},"18":{"start":{"line":63,"column":33},"end":{"line":63,"column":null}},"19":{"start":{"line":61,"column":13},"end":{"line":61,"column":29}},"20":{"start":{"line":65,"column":41},"end":{"line":67,"column":null}},"21":{"start":{"line":67,"column":27},"end":{"line":68,"column":null}},"22":{"start":{"line":68,"column":4},"end":{"line":68,"column":null}},"23":{"start":{"line":65,"column":13},"end":{"line":65,"column":41}},"24":{"start":{"line":72,"column":29},"end":{"line":75,"column":28}},"25":{"start":{"line":74,"column":4},"end":{"line":74,"column":20}},"26":{"start":{"line":75,"column":24},"end":{"line":75,"column":null}},"27":{"start":{"line":75,"column":42},"end":{"line":75,"column":55}},"28":{"start":{"line":72,"column":13},"end":{"line":72,"column":29}},"29":{"start":{"line":81,"column":32},"end":{"line":93,"column":null}},"30":{"start":{"line":83,"column":4},"end":{"line":83,"column":21}},"31":{"start":{"line":85,"column":10},"end":{"line":85,"column":null}},"32":{"start":{"line":85,"column":39},"end":{"line":85,"column":52}},"33":{"start":{"line":88,"column":26},"end":{"line":88,"column":null}},"34":{"start":{"line":88,"column":14},"end":{"line":88,"column":null}},"35":{"start":{"line":89,"column":8},"end":{"line":89,"column":null}},"36":{"start":{"line":89,"column":43},"end":{"line":89,"column":71}},"37":{"start":{"line":91,"column":8},"end":{"line":91,"column":null}},"38":{"start":{"line":81,"column":13},"end":{"line":81,"column":32}},"39":{"start":{"line":95,"column":33},"end":{"line":103,"column":1}},"40":{"start":{"line":99,"column":8},"end":{"line":100,"column":null}},"41":{"start":{"line":98,"column":24},"end":{"line":98,"column":null}},"42":{"start":{"line":102,"column":4},"end":{"line":102,"column":null}},"43":{"start":{"line":95,"column":13},"end":{"line":95,"column":33}},"44":{"start":{"line":105,"column":25},"end":{"line":106,"column":10}},"45":{"start":{"line":105,"column":39},"end":{"line":105,"column":null}},"46":{"start":{"line":106,"column":4},"end":{"line":109,"column":null}},"47":{"start":{"line":105,"column":13},"end":{"line":105,"column":25}},"48":{"start":{"line":111,"column":29},"end":{"line":114,"column":43}},"49":{"start":{"line":113,"column":4},"end":{"line":113,"column":null}},"50":{"start":{"line":114,"column":37},"end":{"line":114,"column":null}},"51":{"start":{"line":111,"column":13},"end":{"line":111,"column":29}},"52":{"start":{"line":116,"column":27},"end":{"line":134,"column":null}},"53":{"start":{"line":117,"column":45},"end":{"line":134,"column":null}},"54":{"start":{"line":119,"column":4},"end":{"line":121,"column":null}},"55":{"start":{"line":120,"column":8},"end":{"line":120,"column":null}},"56":{"start":{"line":123,"column":12},"end":{"line":123,"column":21}},"57":{"start":{"line":126,"column":21},"end":{"line":126,"column":null}},"58":{"start":{"line":126,"column":14},"end":{"line":126,"column":null}},"59":{"start":{"line":128,"column":30},"end":{"line":128,"column":76}},"60":{"start":{"line":128,"column":14},"end":{"line":128,"column":null}},"61":{"start":{"line":130,"column":8},"end":{"line":130,"column":null}},"62":{"start":{"line":132,"column":8},"end":{"line":132,"column":null}},"63":{"start":{"line":116,"column":13},"end":{"line":116,"column":27}},"64":{"start":{"line":136,"column":47},"end":{"line":137,"column":null}},"65":{"start":{"line":136,"column":59},"end":{"line":137,"column":null}},"66":{"start":{"line":137,"column":5},"end":{"line":137,"column":47}},"67":{"start":{"line":137,"column":4},"end":{"line":137,"column":null}},"68":{"start":{"line":136,"column":13},"end":{"line":136,"column":47}}},"fnMap":{"0":{"name":"(anonymous_14)","decl":{"start":{"line":19,"column":0},"end":{"line":19,"column":12}},"loc":{"start":{"line":19,"column":27},"end":{"line":23,"column":1}}},"1":{"name":"(anonymous_15)","decl":{"start":{"line":27,"column":37},"end":{"line":27,"column":38}},"loc":{"start":{"line":27,"column":65},"end":{"line":27,"column":null}}},"2":{"name":"(anonymous_16)","decl":{"start":{"line":27,"column":70},"end":{"line":27,"column":null}},"loc":{"start":{"line":28,"column":25},"end":{"line":29,"column":29}}},"3":{"name":"(anonymous_17)","decl":{"start":{"line":43,"column":31},"end":{"line":43,"column":null}},"loc":{"start":{"line":49,"column":1},"end":{"line":50,"column":13}}},"4":{"name":"(anonymous_18)","decl":{"start":{"line":61,"column":29},"end":{"line":61,"column":null}},"loc":{"start":{"line":62,"column":25},"end":{"line":63,"column":33}}},"5":{"name":"(anonymous_19)","decl":{"start":{"line":63,"column":27},"end":{"line":63,"column":33}},"loc":{"start":{"line":63,"column":27},"end":{"line":63,"column":54}}},"6":{"name":"(anonymous_20)","decl":{"start":{"line":65,"column":41},"end":{"line":65,"column":null}},"loc":{"start":{"line":66,"column":17},"end":{"line":67,"column":null}}},"7":{"name":"(anonymous_21)","decl":{"start":{"line":67,"column":27},"end":{"line":67,"column":null}},"loc":{"start":{"line":67,"column":27},"end":{"line":68,"column":25}}},"8":{"name":"(anonymous_22)","decl":{"start":{"line":72,"column":29},"end":{"line":72,"column":null}},"loc":{"start":{"line":73,"column":33},"end":{"line":75,"column":28}}},"9":{"name":"(anonymous_23)","decl":{"start":{"line":75,"column":33},"end":{"line":75,"column":34}},"loc":{"start":{"line":75,"column":37},"end":{"line":75,"column":49}}},"10":{"name":"(anonymous_24)","decl":{"start":{"line":81,"column":32},"end":{"line":81,"column":null}},"loc":{"start":{"line":82,"column":36},"end":{"line":93,"column":null}}},"11":{"name":"(anonymous_27)","decl":{"start":{"line":85,"column":30},"end":{"line":85,"column":31}},"loc":{"start":{"line":85,"column":34},"end":{"line":85,"column":46}}},"12":{"name":"(anonymous_28)","decl":{"start":{"line":89,"column":29},"end":{"line":89,"column":30}},"loc":{"start":{"line":89,"column":38},"end":{"line":89,"column":60}}},"13":{"name":"(anonymous_29)","decl":{"start":{"line":95,"column":33},"end":{"line":95,"column":null}},"loc":{"start":{"line":96,"column":35},"end":{"line":103,"column":1}}},"14":{"name":"(anonymous_30)","decl":{"start":{"line":105,"column":25},"end":{"line":105,"column":26}},"loc":{"start":{"line":105,"column":54},"end":{"line":106,"column":10}}},"15":{"name":"(anonymous_31)","decl":{"start":{"line":111,"column":29},"end":{"line":111,"column":null}},"loc":{"start":{"line":113,"column":55},"end":{"line":114,"column":43}}},"16":{"name":"(anonymous_32)","decl":{"start":{"line":116,"column":27},"end":{"line":116,"column":null}},"loc":{"start":{"line":117,"column":45},"end":{"line":134,"column":null}}},"17":{"name":"(anonymous_33)","decl":{"start":{"line":117,"column":45},"end":{"line":117,"column":null}},"loc":{"start":{"line":117,"column":45},"end":{"line":134,"column":null}}},"18":{"name":"(anonymous_35)","decl":{"start":{"line":136,"column":47},"end":{"line":136,"column":54}},"loc":{"start":{"line":136,"column":59},"end":{"line":137,"column":null}}},"19":{"name":"(anonymous_36)","decl":{"start":{"line":136,"column":59},"end":{"line":136,"column":null}},"loc":{"start":{"line":136,"column":59},"end":{"line":137,"column":null}}}},"branchMap":{"0":{"loc":{"start":{"line":19,"column":12},"end":{"line":19,"column":27}},"type":"binary-expr","locations":[{"start":{"line":19,"column":12},"end":{"line":19,"column":27}},{"start":{"line":19,"column":12},"end":{"line":19,"column":null}}]},"1":{"loc":{"start":{"line":31,"column":25},"end":{"line":31,"column":29}},"type":"cond-expr","locations":[{"start":{"line":31,"column":25},"end":{"line":31,"column":29}},{"start":{"line":31,"column":33},"end":{"line":31,"column":35}}]},"2":{"loc":{"start":{"line":31,"column":25},"end":{"line":31,"column":33}},"type":"binary-expr","locations":[{"start":{"line":31,"column":25},"end":{"line":31,"column":33}},{"start":{"line":31,"column":25},"end":{"line":31,"column":33}}]},"3":{"loc":{"start":{"line":51,"column":15},"end":{"line":51,"column":72}},"type":"cond-expr","locations":[{"start":{"line":51,"column":15},"end":{"line":51,"column":72}},{"start":{"line":52,"column":14},"end":{"line":52,"column":23}}]},"4":{"loc":{"start":{"line":100,"column":36},"end":{"line":100,"column":40}},"type":"cond-expr","locations":[{"start":{"line":100,"column":36},"end":{"line":100,"column":40}},{"start":{"line":100,"column":40},"end":{"line":100,"column":42}}]},"5":{"loc":{"start":{"line":99,"column":8},"end":{"line":100,"column":40}},"type":"binary-expr","locations":[{"start":{"line":99,"column":8},"end":{"line":100,"column":40}},{"start":{"line":100,"column":36},"end":{"line":100,"column":40}}]},"6":{"loc":{"start":{"line":100,"column":31},"end":{"line":100,"column":34}},"type":"cond-expr","locations":[{"start":{"line":100,"column":31},"end":{"line":100,"column":34}},{"start":{"line":100,"column":31},"end":{"line":100,"column":36}}]},"7":{"loc":{"start":{"line":99,"column":8},"end":{"line":100,"column":34}},"type":"binary-expr","locations":[{"start":{"line":99,"column":8},"end":{"line":100,"column":34}},{"start":{"line":100,"column":31},"end":{"line":100,"column":34}}]},"8":{"loc":{"start":{"line":99,"column":63},"end":{"line":99,"column":null}},"type":"cond-expr","locations":[{"start":{"line":99,"column":63},"end":{"line":99,"column":null}},{"start":{"line":99,"column":63},"end":{"line":100,"column":31}}]},"9":{"loc":{"start":{"line":99,"column":8},"end":{"line":99,"column":null}},"type":"binary-expr","locations":[{"start":{"line":99,"column":8},"end":{"line":99,"column":null}},{"start":{"line":99,"column":63},"end":{"line":99,"column":null}}]},"10":{"loc":{"start":{"line":99,"column":53},"end":{"line":99,"column":55}},"type":"cond-expr","locations":[{"start":{"line":99,"column":53},"end":{"line":99,"column":55}},{"start":{"line":99,"column":53},"end":{"line":99,"column":63}}]},"11":{"loc":{"start":{"line":99,"column":8},"end":{"line":99,"column":55}},"type":"binary-expr","locations":[{"start":{"line":99,"column":8},"end":{"line":99,"column":55}},{"start":{"line":99,"column":53},"end":{"line":99,"column":55}}]},"12":{"loc":{"start":{"line":99,"column":48},"end":{"line":99,"column":51}},"type":"cond-expr","locations":[{"start":{"line":99,"column":48},"end":{"line":99,"column":51}},{"start":{"line":99,"column":48},"end":{"line":99,"column":53}}]},"13":{"loc":{"start":{"line":99,"column":8},"end":{"line":99,"column":51}},"type":"binary-expr","locations":[{"start":{"line":99,"column":8},"end":{"line":99,"column":51}},{"start":{"line":99,"column":48},"end":{"line":99,"column":51}}]},"14":{"loc":{"start":{"line":99,"column":41},"end":{"line":99,"column":43}},"type":"cond-expr","locations":[{"start":{"line":99,"column":41},"end":{"line":99,"column":43}},{"start":{"line":99,"column":41},"end":{"line":99,"column":48}}]},"15":{"loc":{"start":{"line":99,"column":8},"end":{"line":99,"column":43}},"type":"binary-expr","locations":[{"start":{"line":99,"column":8},"end":{"line":99,"column":43}},{"start":{"line":99,"column":41},"end":{"line":99,"column":43}}]},"16":{"loc":{"start":{"line":99,"column":21},"end":{"line":99,"column":23}},"type":"cond-expr","locations":[{"start":{"line":99,"column":21},"end":{"line":99,"column":23}},{"start":{"line":99,"column":21},"end":{"line":99,"column":41}}]},"17":{"loc":{"start":{"line":99,"column":8},"end":{"line":99,"column":23}},"type":"binary-expr","locations":[{"start":{"line":99,"column":8},"end":{"line":99,"column":23}},{"start":{"line":99,"column":21},"end":{"line":99,"column":23}}]},"18":{"loc":{"start":{"line":99,"column":16},"end":{"line":99,"column":19}},"type":"cond-expr","locations":[{"start":{"line":99,"column":16},"end":{"line":99,"column":19}},{"start":{"line":99,"column":8},"end":{"line":99,"column":21}}]},"19":{"loc":{"start":{"line":99,"column":8},"end":{"line":99,"column":19}},"type":"binary-expr","locations":[{"start":{"line":99,"column":8},"end":{"line":99,"column":19}},{"start":{"line":99,"column":8},"end":{"line":99,"column":19}}]},"20":{"loc":{"start":{"line":98,"column":27},"end":{"line":98,"column":32}},"type":"cond-expr","locations":[{"start":{"line":98,"column":27},"end":{"line":98,"column":32}},{"start":{"line":98,"column":32},"end":{"line":98,"column":null}}]},"21":{"loc":{"start":{"line":102,"column":36},"end":{"line":102,"column":40}},"type":"cond-expr","locations":[{"start":{"line":102,"column":36},"end":{"line":102,"column":40}},{"start":{"line":102,"column":43},"end":{"line":102,"column":55}}]},"22":{"loc":{"start":{"line":105,"column":39},"end":{"line":105,"column":null}},"type":"if","locations":[{"start":{"line":105,"column":39},"end":{"line":105,"column":null}},{"start":{"line":105,"column":39},"end":{"line":105,"column":null}}]},"23":{"loc":{"start":{"line":113,"column":4},"end":{"line":113,"column":null}},"type":"if","locations":[{"start":{"line":113,"column":4},"end":{"line":113,"column":null}},{"start":{"line":113,"column":4},"end":{"line":113,"column":null}}]},"24":{"loc":{"start":{"line":119,"column":4},"end":{"line":121,"column":null}},"type":"if","locations":[{"start":{"line":119,"column":4},"end":{"line":121,"column":null}},{"start":{"line":119,"column":4},"end":{"line":121,"column":null}}]},"25":{"loc":{"start":{"line":137,"column":5},"end":{"line":137,"column":47}},"type":"switch","locations":[{"start":{"line":137,"column":5},"end":{"line":137,"column":47}},{"start":{"line":137,"column":4},"end":{"line":137,"column":null}}]}},"s":{"0":1,"1":1,"2":1,"3":1,"4":1,"5":1,"6":1,"7":1,"8":1,"9":8,"10":8,"11":1,"12":1,"13":2,"14":1,"15":1,"16":1,"17":1,"18":1,"19":1,"20":1,"21":1,"22":1,"23":1,"24":1,"25":4,"26":1,"27":2,"28":1,"29":1,"30":8,"31":2,"32":4,"33":2,"34":2,"35":1,"36":2,"37":1,"38":1,"39":1,"40":6,"41":6,"42":6,"43":1,"44":1,"45":1,"46":1,"47":1,"48":1,"49":1,"50":1,"51":1,"52":1,"53":1,"54":1,"55":1,"56":0,"57":0,"58":0,"59":0,"60":0,"61":0,"62":0,"63":1,"64":1,"65":0,"66":0,"67":0,"68":1},"f":{"0":1,"1":8,"2":8,"3":2,"4":1,"5":1,"6":1,"7":1,"8":1,"9":2,"10":2,"11":4,"12":2,"13":6,"14":1,"15":1,"16":1,"17":1,"18":0,"19":0},"b":{"0":[1,1],"1":[1,7],"2":[8,8],"3":[1,1],"4":[3,3],"5":[6,6],"6":[3,3],"7":[6,6],"8":[3,3],"9":[6,6],"10":[3,3],"11":[6,6],"12":[3,3],"13":[6,6],"14":[3,3],"15":[6,6],"16":[2,4],"17":[6,6],"18":[2,4],"19":[6,6],"20":[3,3],"21":[4,2],"22":[0,1],"23":[0,1],"24":[1,0],"25":[0,0]}}
}
