TN:
SF:src/get-language.ts
FN:19,(anonymous_14)
FN:27,(anonymous_15)
FN:27,(anonymous_16)
FN:43,(anonymous_17)
FN:61,(anonymous_18)
FN:63,(anonymous_19)
FN:65,(anonymous_20)
FN:67,(anonymous_21)
FN:72,(anonymous_22)
FN:75,(anonymous_23)
FN:81,(anonymous_24)
FN:85,(anonymous_27)
FN:89,(anonymous_28)
FN:95,(anonymous_29)
FN:105,(anonymous_30)
FN:111,(anonymous_31)
FN:116,(anonymous_32)
FN:117,(anonymous_33)
FN:136,(anonymous_35)
FN:136,(anonymous_36)
FNF:20
FNH:18
FNDA:1,(anonymous_14)
FNDA:8,(anonymous_15)
FNDA:8,(anonymous_16)
FNDA:2,(anonymous_17)
FNDA:1,(anonymous_18)
FNDA:1,(anonymous_19)
FNDA:1,(anonymous_20)
FNDA:1,(anonymous_21)
FNDA:1,(anonymous_22)
FNDA:2,(anonymous_23)
FNDA:2,(anonymous_24)
FNDA:4,(anonymous_27)
FNDA:2,(anonymous_28)
FNDA:6,(anonymous_29)
FNDA:1,(anonymous_30)
FNDA:1,(anonymous_31)
FNDA:1,(anonymous_32)
FNDA:1,(anonymous_33)
FNDA:0,(anonymous_35)
FNDA:0,(anonymous_36)
DA:1,1
DA:7,1
DA:16,1
DA:17,1
DA:19,1
DA:20,1
DA:21,1
DA:22,1
DA:27,8
DA:29,8
DA:43,1
DA:50,2
DA:57,1
DA:61,1
DA:63,1
DA:65,1
DA:67,1
DA:68,1
DA:72,1
DA:74,4
DA:75,2
DA:81,1
DA:83,8
DA:85,4
DA:88,2
DA:89,2
DA:91,1
DA:95,1
DA:98,6
DA:99,6
DA:102,6
DA:105,1
DA:106,1
DA:111,1
DA:113,1
DA:114,1
DA:116,1
DA:117,1
DA:119,1
DA:120,1
DA:123,0
DA:126,0
DA:128,0
DA:130,0
DA:132,0
DA:136,1
DA:137,0
LF:47
LH:41
BRDA:19,0,0,1
BRDA:19,0,1,1
BRDA:31,1,0,1
BRDA:31,1,1,7
BRDA:31,2,0,8
BRDA:31,2,1,8
BRDA:51,3,0,1
BRDA:51,3,1,1
BRDA:100,4,0,3
BRDA:100,4,1,3
BRDA:99,5,0,6
BRDA:99,5,1,6
BRDA:100,6,0,3
BRDA:100,6,1,3
BRDA:99,7,0,6
BRDA:99,7,1,6
BRDA:99,8,0,3
BRDA:99,8,1,3
BRDA:99,9,0,6
BRDA:99,9,1,6
BRDA:99,10,0,3
BRDA:99,10,1,3
BRDA:99,11,0,6
BRDA:99,11,1,6
BRDA:99,12,0,3
BRDA:99,12,1,3
BRDA:99,13,0,6
BRDA:99,13,1,6
BRDA:99,14,0,3
BRDA:99,14,1,3
BRDA:99,15,0,6
BRDA:99,15,1,6
BRDA:99,16,0,2
BRDA:99,16,1,4
BRDA:99,17,0,6
BRDA:99,17,1,6
BRDA:99,18,0,2
BRDA:99,18,1,4
BRDA:99,19,0,6
BRDA:99,19,1,6
BRDA:98,20,0,3
BRDA:98,20,1,3
BRDA:102,21,0,4
BRDA:102,21,1,2
BRDA:105,22,0,0
BRDA:105,22,1,1
BRDA:113,23,0,0
BRDA:113,23,1,1
BRDA:119,24,0,1
BRDA:119,24,1,0
BRDA:137,25,0,0
BRDA:137,25,1,0
BRF:52
BRH:47
end_of_record
